[2015-05-05 18:10:00] __rvm_set_executable
__rvm_set_executable () 
{ 
    for __file in "$@";
    do
        [[ -x "${__file}" ]] || chmod +x "${__file}";
    done
}
current path: /home/cwj/.rvm/src/ruby-2.2.2
PATH=/usr/local/sbin:/usr/local/bin:/usr/sbin:/usr/bin:/sbin:/bin:/usr/games:/usr/local/games:/home/cwj/.rvm/bin:/home/cwj/.rvm/bin
command(8): __rvm_set_executable /home/cwj/.rvm/rubies/ruby-2.2.2/bin/erb /home/cwj/.rvm/rubies/ruby-2.2.2/bin/gem /home/cwj/.rvm/rubies/ruby-2.2.2/bin/irb /home/cwj/.rvm/rubies/ruby-2.2.2/bin/rake /home/cwj/.rvm/rubies/ruby-2.2.2/bin/rdoc /home/cwj/.rvm/rubies/ruby-2.2.2/bin/ri /home/cwj/.rvm/rubies/ruby-2.2.2/bin/ruby
++ for __file in '"$@"'
++ [[ -x /home/cwj/.rvm/rubies/ruby-2.2.2/bin/erb ]]
++ for __file in '"$@"'
++ [[ -x /home/cwj/.rvm/rubies/ruby-2.2.2/bin/gem ]]
++ for __file in '"$@"'
++ [[ -x /home/cwj/.rvm/rubies/ruby-2.2.2/bin/irb ]]
++ for __file in '"$@"'
++ [[ -x /home/cwj/.rvm/rubies/ruby-2.2.2/bin/rake ]]
++ for __file in '"$@"'
++ [[ -x /home/cwj/.rvm/rubies/ruby-2.2.2/bin/rdoc ]]
++ for __file in '"$@"'
++ [[ -x /home/cwj/.rvm/rubies/ruby-2.2.2/bin/ri ]]
++ for __file in '"$@"'
++ [[ -x /home/cwj/.rvm/rubies/ruby-2.2.2/bin/ruby ]]
